<?xml version="1.0" encoding="UTF-8"?>
<!-- Generated by org.testng.reporters.JUnitXMLReporter -->
<testsuite hostname="Mayank-PC" ignored="0" name="CRM Functional" tests="6" failures="0" timestamp="17 May 2018 16:25:43 GMT" time="26.896" errors="0">
  <testcase name="createnewcontact" time="2.016" classname="com.crm.qa.test.newcontactpage"/>
  <testcase name="createnewcontact" time="2.01" classname="com.crm.qa.test.newcontactpage"/>
  <testcase name="createnewcontact" time="2.005" classname="com.crm.qa.test.newcontactpage"/>
  <testcase name="createnewcontact" time="2.002" classname="com.crm.qa.test.newcontactpage"/>
  <testcase name="createnewcontact" time="2.002" classname="com.crm.qa.test.newcontactpage"/>
  <testcase name="VerifyTitle" time="0.156" classname="com.crm.qa.test.loginpagetest"/>
</testsuite> <!-- CRM Functional -->
